<?xml version="1.0" encoding="UTF-8"?>
<!-- Generated by org.testng.reporters.JUnitReportReporter -->
<testsuite hostname="FARHANYASEEN-PC" name="com.testcases.PostTestCase" tests="4" failures="0" timestamp="16 Jan 2016 10:36:31 GMT" time="153.124" errors="0">
  <testcase name="postTestCase" time="15.687" classname="com.testcases.PostTestCase"/>
  <testcase name="postTestCase" time="24.191" classname="com.testcases.PostTestCase"/>
  <testcase name="postTestCase" time="60.222" classname="com.testcases.PostTestCase"/>
  <testcase name="postTestCase" time="53.024" classname="com.testcases.PostTestCase"/>
</testsuite> <!-- com.testcases.PostTestCase -->
