<?xml version="1.0" encoding="UTF-8"?>
<!-- Generated by org.testng.reporters.JUnitReportReporter -->
<testsuite hostname="FARHANYASEEN-PC" name="com.testcases.SignUpMobileArenaTestCase" tests="4" failures="0" timestamp="16 Jan 2016 16:47:14 GMT" time="428.845" errors="0">
  <testcase name="signUpMobileArenaTestCase" time="170.336" classname="com.testcases.SignUpMobileArenaTestCase"/>
  <testcase name="signUpMobileArenaTestCase" time="162.302" classname="com.testcases.SignUpMobileArenaTestCase"/>
  <testcase name="signUpMobileArenaTestCase" time="72.390" classname="com.testcases.SignUpMobileArenaTestCase"/>
  <testcase name="signUpMobileArenaTestCase" time="23.817" classname="com.testcases.SignUpMobileArenaTestCase"/>
</testsuite> <!-- com.testcases.SignUpMobileArenaTestCase -->
