<?xml version="1.0" encoding="UTF-8"?>
<!-- Generated by org.testng.reporters.JUnitReportReporter -->
<testsuite hostname="FARHANYASEEN-PC" name="com.testcases.CommentMobileArenaTestCase" tests="4" failures="0" timestamp="16 Jan 2016 15:57:59 GMT" time="533.045" errors="0">
  <testcase name="commentMobileArenaTestCase" time="91.022" classname="com.testcases.CommentMobileArenaTestCase"/>
  <testcase name="commentMobileArenaTestCase" time="176.548" classname="com.testcases.CommentMobileArenaTestCase"/>
  <testcase name="commentMobileArenaTestCase" time="114.274" classname="com.testcases.CommentMobileArenaTestCase"/>
  <testcase name="commentMobileArenaTestCase" time="151.201" classname="com.testcases.CommentMobileArenaTestCase"/>
</testsuite> <!-- com.testcases.CommentMobileArenaTestCase -->
