<?xml version="1.0" encoding="UTF-8"?>
<!-- Generated by org.testng.reporters.JUnitReportReporter -->
<testsuite hostname="FARHANYASEEN-PC" name="testng.classes.CommentTestCase" tests="4" failures="0" timestamp="16 Jan 2016 07:47:44 GMT" time="0.008" errors="0">
  <testcase name="commentTestCase" time="0.000" classname="testng.classes.CommentTestCase"/>
  <testcase name="commentTestCase" time="0.007" classname="testng.classes.CommentTestCase"/>
  <testcase name="commentTestCase" time="0.000" classname="testng.classes.CommentTestCase"/>
  <testcase name="commentTestCase" time="0.001" classname="testng.classes.CommentTestCase"/>
</testsuite> <!-- testng.classes.CommentTestCase -->
