<?xml version="1.0" encoding="UTF-8"?>
<!-- Generated by org.testng.reporters.JUnitReportReporter -->
<testsuite hostname="FARHANYASEEN-PC" name="com.testcases.FeedBackTestCase" tests="4" failures="0" timestamp="16 Jan 2016 11:56:49 GMT" time="118.277" errors="0">
  <testcase name="feedbackTestCase" time="52.032" classname="com.testcases.FeedBackTestCase"/>
  <testcase name="feedbackTestCase" time="15.496" classname="com.testcases.FeedBackTestCase"/>
  <testcase name="feedbackTestCase" time="40.312" classname="com.testcases.FeedBackTestCase"/>
  <testcase name="feedbackTestCase" time="10.437" classname="com.testcases.FeedBackTestCase"/>
</testsuite> <!-- com.testcases.FeedBackTestCase -->
